0 info it worked if it ends with ok
1 verbose cli [ '/usr/local/bin/node',
1 verbose cli   '/usr/local/bin/npm',
1 verbose cli   'install',
1 verbose cli   'npm@latest',
1 verbose cli   '-g' ]
2 info using npm@2.15.8
3 info using node@v4.4.7
4 verbose install initial load of /usr/local/lib/package.json
5 verbose readDependencies loading dependencies from /usr/local/lib/package.json
6 silly cache add args [ 'npm@latest', null ]
7 verbose cache add spec npm@latest
8 silly cache add parsed spec Result {
8 silly cache add   raw: 'npm@latest',
8 silly cache add   scope: null,
8 silly cache add   name: 'npm',
8 silly cache add   rawSpec: 'latest',
8 silly cache add   spec: 'latest',
8 silly cache add   type: 'tag' }
9 silly addNamed npm@latest
10 verbose addNamed "latest" is being treated as a dist-tag for npm
11 info addNameTag [ 'npm', 'latest' ]
12 silly mapToRegistry name npm
13 silly mapToRegistry using default registry
14 silly mapToRegistry registry https://registry.npmjs.org/
15 silly mapToRegistry data Result {
15 silly mapToRegistry   raw: 'npm',
15 silly mapToRegistry   scope: null,
15 silly mapToRegistry   name: 'npm',
15 silly mapToRegistry   rawSpec: '',
15 silly mapToRegistry   spec: 'latest',
15 silly mapToRegistry   type: 'tag' }
16 silly mapToRegistry uri https://registry.npmjs.org/npm
17 verbose addNameTag registry:https://registry.npmjs.org/npm not in flight; fetching
18 verbose request uri https://registry.npmjs.org/npm
19 verbose request no auth needed
20 info attempt registry request try #1 at 14:29:51
21 verbose request id cd9d5bd71dbac27e
22 http request GET https://registry.npmjs.org/npm
23 info retry will retry, error on last attempt: Error: Hostname/IP doesn't match certificate's altnames: "Host: registry.npmjs.org. is not in the cert's altnames: DNS:a.sni.fastly.net, DNS:a.sni.global-ssl.fastly.net"
24 info attempt registry request try #2 at 14:30:15
25 http request GET https://registry.npmjs.org/npm
26 info retry will retry, error on last attempt: Error: Hostname/IP doesn't match certificate's altnames: "Host: registry.npmjs.org. is not in the cert's altnames: DNS:a.sni.fastly.net, DNS:a.sni.global-ssl.fastly.net"
27 info attempt registry request try #3 at 14:31:20
28 http request GET https://registry.npmjs.org/npm
29 verbose stack Error: Hostname/IP doesn't match certificate's altnames: "Host: registry.npmjs.org. is not in the cert's altnames: DNS:a.sni.fastly.net, DNS:a.sni.global-ssl.fastly.net"
29 verbose stack     at Object.checkServerIdentity (tls.js:186:15)
29 verbose stack     at TLSSocket.<anonymous> (_tls_wrap.js:1023:29)
29 verbose stack     at emitNone (events.js:67:13)
29 verbose stack     at TLSSocket.emit (events.js:166:7)
29 verbose stack     at TLSSocket._init.ssl.onclienthello.ssl.oncertcb.TLSSocket._finishInit (_tls_wrap.js:582:8)
29 verbose stack     at TLSWrap.ssl.onclienthello.ssl.oncertcb.ssl.onnewsession.ssl.onhandshakedone (_tls_wrap.js:424:38)
30 verbose cwd /Applications/XAMPP/xamppfiles/htdocs/dhulka
31 error Darwin 16.1.0
32 error argv "/usr/local/bin/node" "/usr/local/bin/npm" "install" "npm@latest" "-g"
33 error node v4.4.7
34 error npm  v2.15.8
35 error Hostname/IP doesn't match certificate's altnames: "Host: registry.npmjs.org. is not in the cert's altnames: DNS:a.sni.fastly.net, DNS:a.sni.global-ssl.fastly.net"
36 error If you need help, you may report this error at:
36 error     <https://github.com/npm/npm/issues>
37 verbose exit [ 1, true ]
